2010-12-07 02:58:08 Debug: Notice (8): Undefined index: username in [CORE\cake\libs\controller\components\auth.php, line 853]
2010-12-07 02:58:08 Debug: Notice (8): Undefined index: username in [CORE\cake\libs\controller\components\auth.php, line 316]
2010-12-07 02:59:23 Debug: Notice (8): Undefined index: username in [CORE\cake\libs\controller\components\auth.php, line 853]
2010-12-07 02:59:23 Debug: Notice (8): Undefined index: username in [CORE\cake\libs\controller\components\auth.php, line 316]
2010-12-07 02:59:33 Debug: Notice (8): Undefined index: username in [CORE\cake\libs\controller\components\auth.php, line 853]
2010-12-07 02:59:33 Debug: Notice (8): Undefined index: username in [CORE\cake\libs\controller\components\auth.php, line 316]
2010-12-07 03:02:47 Debug: Notice (8): Undefined index: username in [CORE\cake\libs\controller\components\auth.php, line 853]
2010-12-07 03:02:47 Debug: Notice (8): Undefined index: username in [CORE\cake\libs\controller\components\auth.php, line 316]
2010-12-07 03:03:35 Debug: Notice (8): Undefined index: username in [CORE\cake\libs\controller\components\auth.php, line 853]
2010-12-07 03:03:35 Debug: Notice (8): Undefined index: username in [CORE\cake\libs\controller\components\auth.php, line 316]
2010-12-07 04:06:43 Debug: Notice (8): Undefined index: User in [APP\controllers\users_controller.php, line 78]
2010-12-07 04:07:10 Debug: Notice (8): Undefined index: User in [APP\controllers\users_controller.php, line 78]
2010-12-07 04:07:32 Debug: Notice (8): Undefined index: User in [APP\controllers\users_controller.php, line 78]
2010-12-07 04:08:44 Debug: Notice (8): Undefined index: User in [APP\controllers\users_controller.php, line 78]
2010-12-07 04:10:59 Debug: Notice (8): Undefined index: User in [APP\controllers\users_controller.php, line 78]
2010-12-07 08:11:16 Debug: Notice (8): Undefined index: User in [APP\controllers\users_controller.php, line 19]
2010-12-07 08:12:52 Debug: Notice (8): Undefined index: User in [APP\controllers\users_controller.php, line 19]
2010-12-07 08:13:09 Debug: Notice (8): Undefined index: User in [APP\controllers\users_controller.php, line 19]
2010-12-07 08:13:15 Debug: Notice (8): Undefined index: User in [APP\controllers\users_controller.php, line 19]
2010-12-07 08:13:18 Debug: Notice (8): Undefined index: User in [APP\controllers\users_controller.php, line 19]
2010-12-07 08:13:25 Debug: Notice (8): Undefined index: User in [APP\controllers\users_controller.php, line 19]
2010-12-07 08:13:30 Debug: Notice (8): Undefined index: User in [APP\controllers\users_controller.php, line 19]
2010-12-07 08:13:32 Debug: Notice (8): Undefined index: User in [APP\controllers\users_controller.php, line 19]
2010-12-08 07:41:37 Debug: Notice (8): Undefined index: id in [APP\views\class_messages\index.ctp, line 39]
2010-12-08 07:41:37 Debug: Notice (8): Undefined index: id in [APP\views\class_messages\index.ctp, line 40]
2010-12-08 07:41:37 Debug: Notice (8): Undefined index: id in [APP\views\class_messages\index.ctp, line 41]
2010-12-08 07:45:41 Debug: Notice (8): Undefined index: pubdate in [APP\views\class_messages\index.ctp, line 30]
2010-12-08 11:02:27 Debug: Notice (8): Undefined property: UserclassesController::$Cookie in [APP\controllers\userclasses_controller.php, line 18]
2010-12-08 11:04:27 Debug: Notice (8): Undefined property: UserclassesController::$Cookie in [APP\controllers\userclasses_controller.php, line 18]
2010-12-08 11:06:44 Debug: Notice (8): Undefined property: ClassMessagesController::$Cookie in [APP\controllers\class_messages_controller.php, line 23]
